
Lmod is automatically replacing "intel/2020.1.217" with "gcc/9.3.0".


Due to MODULEPATH changes, the following have been reloaded:
  1) blis/0.8.1     2) flexiblas/3.0.4     3) openmpi/4.0.3

nimble version 0.13.1 is loaded.
For more information on NIMBLE and a User Manual,
please visit https://R-nimble.org.

Note for advanced users who have written their own MCMC samplers:
  As of version 0.13.0, NIMBLE's protocol for handling posterior
  predictive nodes has changed in a way that could affect user-defined
  samplers in some situations. Please see Section 15.5.1 of the User Manual.

Attaching package: ‘nimble’

The following object is masked from ‘package:stats’:

    simulate

Loading nimbleEcology. Registering the following distributions:
 dOcc, dDynOcc, dCJS, dHMM, dDHMM, dNmixture.

sex
    1     2 
37196 21067 
[1] TRUE
[1] 178.1
[1] 6.326463
[1] "2023-09-08 08:34:44 EDT"
Defining model
  [Note] 'average_yearly_mismatch' is provided in 'constants' but not used in the model code and is being ignored.
  [Note] 'n.age.save' is provided in 'constants' but not used in the model code and is being ignored.
  [Note] 'age.keep' is provided in 'constants' but not used in the model code and is being ignored.
